<?xml version="1.0" encoding="UTF-8"?>
<!-- Generated by org.testng.reporters.JUnitReportReporter -->
<testsuite hostname="DESKTOP-H4JOI55" name="WebDriverTest" tests="1" failures="0" timestamp="20 May 2019 10:49:40 GMT" time="0.004" errors="0">
  <testcase name="verifySearchWithFirefox" time="0.004" classname="WebDriverTest"/>
</testsuite> <!-- WebDriverTest -->
