<?xml version="1.0" encoding="UTF-8"?>
<!-- Generated by org.testng.reporters.JUnitReportReporter -->
<testsuite hostname="DESKTOP-H4JOI55" name="STTA.MavenProject.WebCromeDriverTest" tests="1" failures="0" timestamp="15 May 2019 10:57:44 GMT" time="13.695" errors="0">
  <testcase name="verifySearchWithCrome" time="13.695" classname="STTA.MavenProject.WebCromeDriverTest"/>
</testsuite> <!-- STTA.MavenProject.WebCromeDriverTest -->
